<?xml version="1.0" encoding="UTF-8"?>
<!-- Generated by org.testng.reporters.JUnitReportReporter -->
<testsuite hostname="Navpreets-MacBook-Pro.local" failures="0" tests="2" name="tests.GetUserApiTests" time="7.470" errors="0" timestamp="30 Nov 2020 11:17:04 GMT" skipped="0">
  <testcase classname="tests.GetUserApiTests" name="validateApiResponseCode" time="7.397"/>
  <testcase classname="tests.GetUserApiTests" name="validateApiResponseTime" time="0.073"/>
</testsuite> <!-- tests.GetUserApiTests -->
