<?xml version="1.0" encoding="UTF-8"?>
<!-- Generated by org.testng.reporters.JUnitReportReporter -->
<testsuite hostname="Navpreets-MacBook-Pro.local" failures="0" tests="2" name="tests.CreateUserTests" time="0.676" errors="0" timestamp="30 Nov 2020 11:17:04 GMT" skipped="0">
  <testcase classname="tests.CreateUserTests" name="validateApiResponseTime" time="0.003"/>
  <testcase classname="tests.CreateUserTests" name="validateApiResponseCode" time="0.673"/>
</testsuite> <!-- tests.CreateUserTests -->
